<?xml version="1.0" encoding="UTF-8"?>
<!-- Generated by org.testng.reporters.JUnitReportReporter -->
<testsuite hostname="INLEN8520065033" failures="0" tests="1" name="com.testngTests.TestNGClass" time="0.003" errors="0" timestamp="2023-04-17T01:21:43 IST" skipped="0">
  <testcase classname="com.testngTests.TestNGClass" name="Test1" time="0.003"/>
  <system-out/>
</testsuite> <!-- com.testngTests.TestNGClass -->
