<?xml version="1.0" encoding="UTF-8"?>
<!-- Generated by org.testng.reporters.JUnitReportReporter -->
<testsuite hostname="INLEN8520065033" failures="0" tests="1" name="com.parallelTesting.ValidateTitle" time="30.467" errors="0" timestamp="2023-04-17T15:55:55 IST" skipped="0">
  <testcase classname="com.parallelTesting.ValidateTitle" name="ValidateTitle" time="30.467"/>
  <system-out/>
</testsuite> <!-- com.parallelTesting.ValidateTitle -->
