<?xml version="1.0" encoding="UTF-8"?>
<!-- Generated by org.testng.reporters.JUnitReportReporter -->
<testsuite hostname="INLEN8520065033" failures="0" tests="1" name="com.parallelTesting.ValidateLogo" time="30.718" errors="0" timestamp="2023-04-17T15:55:55 IST" skipped="0">
  <testcase classname="com.parallelTesting.ValidateLogo" name="ValidateLogo" time="30.718"/>
  <system-out/>
</testsuite> <!-- com.parallelTesting.ValidateLogo -->
