<?xml version="1.0" encoding="UTF-8"?>
<!-- Generated by org.testng.reporters.JUnitReportReporter -->
<testsuite hostname="INLEN8520065033" failures="0" tests="3" name="com.dataProvider.DataProviderTest" time="35.514" errors="0" timestamp="2023-04-17T14:41:33 IST" skipped="0">
  <testcase classname="com.dataProvider.DataProviderTest" name="LoginOrange" time="10.998"/>
  <system-out/>
  <testcase classname="com.dataProvider.DataProviderTest" name="LoginOrange" time="13.596"/>
  <system-out/>
  <testcase classname="com.dataProvider.DataProviderTest" name="LoginOrange" time="10.920"/>
  <system-out/>
</testsuite> <!-- com.dataProvider.DataProviderTest -->
