<?xml version="1.0" encoding="UTF-8"?>
<!-- Generated by org.testng.reporters.JUnitReportReporter -->
<testsuite hostname="INLEN8520065033" failures="0" tests="1" name="com.assertions.AssertionTests" time="0.027" errors="0" timestamp="2023-04-17T02:05:03 IST" skipped="0">
  <testcase classname="com.assertions.AssertionTests" name="ValidateTitle" time="0.027"/>
  <system-out/>
</testsuite> <!-- com.assertions.AssertionTests -->
