<?xml version="1.0" encoding="UTF-8"?>
<!-- Generated by org.testng.reporters.JUnitReportReporter -->
<testsuite hostname="INLEN8520065033" failures="0" tests="2" name="com.grouping.Grouping" time="0.007" errors="0" timestamp="2023-04-17T14:39:40 IST" skipped="0">
  <testcase classname="com.grouping.Grouping" name="T3" time="0.006"/>
  <system-out/>
  <testcase classname="com.grouping.Grouping" name="T4" time="0.001"/>
  <system-out/>
</testsuite> <!-- com.grouping.Grouping -->
