<?xml version="1.0" encoding="UTF-8"?>
<!-- Generated by org.testng.reporters.JUnitReportReporter -->
<testsuite hostname="INLEN8520065033" failures="0" tests="3" name="com.testng.FirstTestNGclass" time="0.002" errors="0" timestamp="2023-04-17T00:26:12 IST" skipped="0">
  <testcase classname="com.testng.FirstTestNGclass" name="SignIn" time="0.001"/>
  <system-out/>
  <testcase classname="com.testng.FirstTestNGclass" name="VerifyTitle" time="0.001"/>
  <system-out/>
  <testcase classname="com.testng.FirstTestNGclass" name="SignOut" time="0.000"/>
  <system-out/>
</testsuite> <!-- com.testng.FirstTestNGclass -->
